<?xml version="1.0" encoding="UTF-8"?>
<testsuites>
  <testsuite name="C:\xampp\htdocs\skillhub-final\skillhub-back\phpunit.xml" tests="36" assertions="59" errors="0" failures="0" skipped="0" time="20.096957">
    <testsuite name="Unit" tests="1" assertions="1" errors="0" failures="0" skipped="0" time="0.561700">
      <testsuite name="Tests\Unit\ExampleTest" file="C:\xampp\htdocs\skillhub-final\skillhub-back\tests\Unit\ExampleTest.php" tests="1" assertions="1" errors="0" failures="0" skipped="0" time="0.561700">
        <testcase name="test_that_true_is_true" file="C:\xampp\htdocs\skillhub-final\skillhub-back\tests\Unit\ExampleTest.php" line="12" class="Tests\Unit\ExampleTest" classname="Tests.Unit.ExampleTest" assertions="1" time="0.561700"/>
      </testsuite>
    </testsuite>
    <testsuite name="Feature" tests="35" assertions="58" errors="0" failures="0" skipped="0" time="19.535257">
      <testsuite name="Tests\Feature\ExampleTest" file="C:\xampp\htdocs\skillhub-final\skillhub-back\tests\Feature\ExampleTest.php" tests="1" assertions="1" errors="0" failures="0" skipped="0" time="9.716523">
        <testcase name="test_the_application_returns_a_successful_response" file="C:\xampp\htdocs\skillhub-final\skillhub-back\tests\Feature\ExampleTest.php" line="13" class="Tests\Feature\ExampleTest" classname="Tests.Feature.ExampleTest" assertions="1" time="9.716523"/>
      </testsuite>
      <testsuite name="Tests\Feature\SkillHubTest" file="C:\xampp\htdocs\skillhub-final\skillhub-back\tests\Feature\SkillHubTest.php" tests="34" assertions="57" errors="0" failures="0" skipped="0" time="9.818734">
        <testcase name="un_utilisateur_peut_sinscrire" file="C:\xampp\htdocs\skillhub-final\skillhub-back\tests\Feature\SkillHubTest.php" line="70" class="Tests\Feature\SkillHubTest" classname="Tests.Feature.SkillHubTest" assertions="4" time="6.610777"/>
        <testcase name="linscription_echoue_si_email_deja_utilise" file="C:\xampp\htdocs\skillhub-final\skillhub-back\tests\Feature\SkillHubTest.php" line="84" class="Tests\Feature\SkillHubTest" classname="Tests.Feature.SkillHubTest" assertions="1" time="0.128285"/>
        <testcase name="un_utilisateur_peut_se_connecter" file="C:\xampp\htdocs\skillhub-final\skillhub-back\tests\Feature\SkillHubTest.php" line="99" class="Tests\Feature\SkillHubTest" classname="Tests.Feature.SkillHubTest" assertions="4" time="0.192855"/>
        <testcase name="la_connexion_echoue_avec_mauvais_mot_de_passe" file="C:\xampp\htdocs\skillhub-final\skillhub-back\tests\Feature\SkillHubTest.php" line="113" class="Tests\Feature\SkillHubTest" classname="Tests.Feature.SkillHubTest" assertions="1" time="0.263233"/>
        <testcase name="un_utilisateur_connecte_peut_voir_son_profil" file="C:\xampp\htdocs\skillhub-final\skillhub-back\tests\Feature\SkillHubTest.php" line="126" class="Tests\Feature\SkillHubTest" classname="Tests.Feature.SkillHubTest" assertions="2" time="0.150327"/>
        <testcase name="le_profil_retourne_401_sans_token" file="C:\xampp\htdocs\skillhub-final\skillhub-back\tests\Feature\SkillHubTest.php" line="137" class="Tests\Feature\SkillHubTest" classname="Tests.Feature.SkillHubTest" assertions="1" time="0.034271"/>
        <testcase name="un_utilisateur_peut_se_deconnecter" file="C:\xampp\htdocs\skillhub-final\skillhub-back\tests\Feature\SkillHubTest.php" line="145" class="Tests\Feature\SkillHubTest" classname="Tests.Feature.SkillHubTest" assertions="2" time="0.084173"/>
        <testcase name="un_formateur_peut_creer_une_formation" file="C:\xampp\htdocs\skillhub-final\skillhub-back\tests\Feature\SkillHubTest.php" line="160" class="Tests\Feature\SkillHubTest" classname="Tests.Feature.SkillHubTest" assertions="2" time="0.930333"/>
        <testcase name="un_apprenant_ne_peut_pas_creer_de_formation" file="C:\xampp\htdocs\skillhub-final\skillhub-back\tests\Feature\SkillHubTest.php" line="176" class="Tests\Feature\SkillHubTest" classname="Tests.Feature.SkillHubTest" assertions="1" time="0.033213"/>
        <testcase name="la_liste_des_formations_est_publique" file="C:\xampp\htdocs\skillhub-final\skillhub-back\tests\Feature\SkillHubTest.php" line="191" class="Tests\Feature\SkillHubTest" classname="Tests.Feature.SkillHubTest" assertions="1" time="0.123604"/>
        <testcase name="on_peut_voir_une_formation_existante" file="C:\xampp\htdocs\skillhub-final\skillhub-back\tests\Feature\SkillHubTest.php" line="200" class="Tests\Feature\SkillHubTest" classname="Tests.Feature.SkillHubTest" assertions="2" time="0.225683"/>
        <testcase name="la_vue_dune_formation_inexistante_retourne_404" file="C:\xampp\htdocs\skillhub-final\skillhub-back\tests\Feature\SkillHubTest.php" line="212" class="Tests\Feature\SkillHubTest" classname="Tests.Feature.SkillHubTest" assertions="1" time="0.015002"/>
        <testcase name="un_formateur_peut_modifier_sa_formation" file="C:\xampp\htdocs\skillhub-final\skillhub-back\tests\Feature\SkillHubTest.php" line="220" class="Tests\Feature\SkillHubTest" classname="Tests.Feature.SkillHubTest" assertions="2" time="0.023315"/>
        <testcase name="un_formateur_ne_peut_pas_modifier_la_formation_dun_autre" file="C:\xampp\htdocs\skillhub-final\skillhub-back\tests\Feature\SkillHubTest.php" line="237" class="Tests\Feature\SkillHubTest" classname="Tests.Feature.SkillHubTest" assertions="1" time="0.019147"/>
        <testcase name="un_formateur_peut_supprimer_sa_formation" file="C:\xampp\htdocs\skillhub-final\skillhub-back\tests\Feature\SkillHubTest.php" line="261" class="Tests\Feature\SkillHubTest" classname="Tests.Feature.SkillHubTest" assertions="2" time="0.029499"/>
        <testcase name="un_formateur_peut_ajouter_un_module_a_sa_formation" file="C:\xampp\htdocs\skillhub-final\skillhub-back\tests\Feature\SkillHubTest.php" line="277" class="Tests\Feature\SkillHubTest" classname="Tests.Feature.SkillHubTest" assertions="2" time="0.200372"/>
        <testcase name="un_apprenant_ne_peut_pas_creer_un_module" file="C:\xampp\htdocs\skillhub-final\skillhub-back\tests\Feature\SkillHubTest.php" line="293" class="Tests\Feature\SkillHubTest" classname="Tests.Feature.SkillHubTest" assertions="1" time="0.054593"/>
        <testcase name="la_creation_de_module_sans_token_retourne_401" file="C:\xampp\htdocs\skillhub-final\skillhub-back\tests\Feature\SkillHubTest.php" line="310" class="Tests\Feature\SkillHubTest" classname="Tests.Feature.SkillHubTest" assertions="1" time="0.041910"/>
        <testcase name="on_peut_lister_les_modules_dune_formation" file="C:\xampp\htdocs\skillhub-final\skillhub-back\tests\Feature\SkillHubTest.php" line="325" class="Tests\Feature\SkillHubTest" classname="Tests.Feature.SkillHubTest" assertions="2" time="0.060823"/>
        <testcase name="un_formateur_peut_modifier_un_module_de_sa_formation" file="C:\xampp\htdocs\skillhub-final\skillhub-back\tests\Feature\SkillHubTest.php" line="339" class="Tests\Feature\SkillHubTest" classname="Tests.Feature.SkillHubTest" assertions="2" time="0.036943"/>
        <testcase name="un_formateur_peut_supprimer_un_module_de_sa_formation" file="C:\xampp\htdocs\skillhub-final\skillhub-back\tests\Feature\SkillHubTest.php" line="356" class="Tests\Feature\SkillHubTest" classname="Tests.Feature.SkillHubTest" assertions="2" time="0.023467"/>
        <testcase name="la_modification_dun_module_inexistant_retourne_404" file="C:\xampp\htdocs\skillhub-final\skillhub-back\tests\Feature\SkillHubTest.php" line="369" class="Tests\Feature\SkillHubTest" classname="Tests.Feature.SkillHubTest" assertions="1" time="0.022698"/>
        <testcase name="un_apprenant_peut_sinscrire_a_une_formation" file="C:\xampp\htdocs\skillhub-final\skillhub-back\tests\Feature\SkillHubTest.php" line="387" class="Tests\Feature\SkillHubTest" classname="Tests.Feature.SkillHubTest" assertions="2" time="0.078697"/>
        <testcase name="linscription_en_double_retourne_409" file="C:\xampp\htdocs\skillhub-final\skillhub-back\tests\Feature\SkillHubTest.php" line="400" class="Tests\Feature\SkillHubTest" classname="Tests.Feature.SkillHubTest" assertions="1" time="0.028267"/>
        <testcase name="un_formateur_ne_peut_pas_sinscrire_a_une_formation" file="C:\xampp\htdocs\skillhub-final\skillhub-back\tests\Feature\SkillHubTest.php" line="413" class="Tests\Feature\SkillHubTest" classname="Tests.Feature.SkillHubTest" assertions="1" time="0.033273"/>
        <testcase name="linscription_a_une_formation_inexistante_retourne_404" file="C:\xampp\htdocs\skillhub-final\skillhub-back\tests\Feature\SkillHubTest.php" line="424" class="Tests\Feature\SkillHubTest" classname="Tests.Feature.SkillHubTest" assertions="1" time="0.024198"/>
        <testcase name="un_apprenant_peut_se_desinscrire" file="C:\xampp\htdocs\skillhub-final\skillhub-back\tests\Feature\SkillHubTest.php" line="434" class="Tests\Feature\SkillHubTest" classname="Tests.Feature.SkillHubTest" assertions="2" time="0.025888"/>
        <testcase name="un_apprenant_voit_ses_formations_inscrites" file="C:\xampp\htdocs\skillhub-final\skillhub-back\tests\Feature\SkillHubTest.php" line="453" class="Tests\Feature\SkillHubTest" classname="Tests.Feature.SkillHubTest" assertions="2" time="0.025165"/>
        <testcase name="un_apprenant_peut_terminer_un_module" file="C:\xampp\htdocs\skillhub-final\skillhub-back\tests\Feature\SkillHubTest.php" line="476" class="Tests\Feature\SkillHubTest" classname="Tests.Feature.SkillHubTest" assertions="3" time="0.137089"/>
        <testcase name="la_progression_est_calculee_correctement_sur_plusieurs_modules" file="C:\xampp\htdocs\skillhub-final\skillhub-back\tests\Feature\SkillHubTest.php" line="499" class="Tests\Feature\SkillHubTest" classname="Tests.Feature.SkillHubTest" assertions="2" time="0.034412"/>
        <testcase name="terminer_un_module_deja_termine_retourne_un_message_sans_erreur" file="C:\xampp\htdocs\skillhub-final\skillhub-back\tests\Feature\SkillHubTest.php" line="521" class="Tests\Feature\SkillHubTest" classname="Tests.Feature.SkillHubTest" assertions="2" time="0.048465"/>
        <testcase name="terminer_un_module_sans_etre_inscrit_retourne_403" file="C:\xampp\htdocs\skillhub-final\skillhub-back\tests\Feature\SkillHubTest.php" line="542" class="Tests\Feature\SkillHubTest" classname="Tests.Feature.SkillHubTest" assertions="1" time="0.027189"/>
        <testcase name="un_formateur_ne_peut_pas_terminer_un_module" file="C:\xampp\htdocs\skillhub-final\skillhub-back\tests\Feature\SkillHubTest.php" line="555" class="Tests\Feature\SkillHubTest" classname="Tests.Feature.SkillHubTest" assertions="1" time="0.024409"/>
        <testcase name="terminer_un_module_inexistant_retourne_404" file="C:\xampp\htdocs\skillhub-final\skillhub-back\tests\Feature\SkillHubTest.php" line="567" class="Tests\Feature\SkillHubTest" classname="Tests.Feature.SkillHubTest" assertions="1" time="0.027160"/>
      </testsuite>
    </testsuite>
  </testsuite>
</testsuites>
